[27-Apr-2021 20:44:16] NOTICE: fpm is running, pid 82805
[27-Apr-2021 20:44:16] NOTICE: ready to handle connections
[28-Apr-2021 15:33:16] NOTICE: Terminating ...
[28-Apr-2021 15:33:16] NOTICE: Terminating ...
[28-Apr-2021 15:33:16] NOTICE: exiting, bye-bye!
[05-May-2021 15:45:28] NOTICE: fpm is running, pid 44151
[05-May-2021 15:45:28] NOTICE: ready to handle connections
[05-May-2021 21:25:50] NOTICE: Terminating ...
[05-May-2021 21:25:50] NOTICE: Terminating ...
[05-May-2021 21:25:50] NOTICE: exiting, bye-bye!
[06-May-2021 12:33:59] NOTICE: fpm is running, pid 51477
[06-May-2021 12:33:59] NOTICE: ready to handle connections
[06-May-2021 14:06:58] NOTICE: Terminating ...
[06-May-2021 14:06:58] NOTICE: Terminating ...
[06-May-2021 14:06:58] NOTICE: exiting, bye-bye!
[17-May-2021 15:24:19] NOTICE: fpm is running, pid 6187
[17-May-2021 15:24:19] NOTICE: ready to handle connections
[17-May-2021 22:20:20] NOTICE: Terminating ...
[17-May-2021 22:20:20] NOTICE: Terminating ...
[17-May-2021 22:20:20] NOTICE: exiting, bye-bye!
[18-May-2021 10:04:54] NOTICE: fpm is running, pid 9559
[18-May-2021 10:04:54] NOTICE: ready to handle connections
[18-May-2021 11:34:35] NOTICE: Terminating ...
[18-May-2021 11:34:35] NOTICE: Terminating ...
[18-May-2021 11:34:35] NOTICE: exiting, bye-bye!
[22-May-2021 18:35:44] NOTICE: fpm is running, pid 44980
[22-May-2021 18:35:44] NOTICE: ready to handle connections
